{"/Users/puhuan/www/vue-core-video-player/build/build.js": {"data":{"path":"/Users/puhuan/www/vue-core-video-player/build/build.js","statementMap":{"0":{"start":{"line":1,"column":15},"end":{"line":1,"column":32}},"1":{"start":{"line":2,"column":15},"end":{"line":2,"column":39}},"2":{"start":{"line":3,"column":12},"end":{"line":3,"column":40}},"3":{"start":{"line":4,"column":12},"end":{"line":4,"column":40}},"4":{"start":{"line":5,"column":14},"end":{"line":5,"column":44}},"5":{"start":{"line":6,"column":16},"end":{"line":6,"column":48}},"6":{"start":{"line":7,"column":12},"end":{"line":7,"column":45}},"7":{"start":{"line":8,"column":13},"end":{"line":8,"column":50}},"8":{"start":{"line":9,"column":15},"end":{"line":9,"column":35}},"9":{"start":{"line":10,"column":17},"end":{"line":10,"column":37}},"10":{"start":{"line":13,"column":0},"end":{"line":13,"column":14}},"11":{"start":{"line":23,"column":4},"end":{"line":23,"column":22}},"12":{"start":{"line":26,"column":2},"end":{"line":60,"column":4}},"13":{"start":{"line":37,"column":10},"end":{"line":49,"column":11}},"14":{"start":{"line":38,"column":12},"end":{"line":48,"column":30}},"15":{"start":{"line":41,"column":29},"end":{"line":41,"column":57}},"16":{"start":{"line":41,"column":42},"end":{"line":41,"column":47}},"17":{"start":{"line":46,"column":14},"end":{"line":46,"column":47}},"18":{"start":{"line":47,"column":14},"end":{"line":47,"column":81}},"19":{"start":{"line":63,"column":22},"end":{"line":68,"column":1}},"20":{"start":{"line":71,"column":2},"end":{"line":88,"column":20}},"21":{"start":{"line":74,"column":20},"end":{"line":74,"column":52}},"22":{"start":{"line":75,"column":4},"end":{"line":75,"column":39}},"23":{"start":{"line":75,"column":16},"end":{"line":75,"column":39}},"24":{"start":{"line":76,"column":17},"end":{"line":76,"column":46}},"25":{"start":{"line":77,"column":4},"end":{"line":87,"column":5}},"26":{"start":{"line":78,"column":23},"end":{"line":83,"column":13}},"27":{"start":{"line":84,"column":6},"end":{"line":84,"column":47}},"28":{"start":{"line":86,"column":6},"end":{"line":86,"column":43}},"29":{"start":{"line":92,"column":0},"end":{"line":97,"column":2}},"30":{"start":{"line":101,"column":0},"end":{"line":105,"column":2}},"31":{"start":{"line":109,"column":0},"end":{"line":113,"column":2}},"32":{"start":{"line":116,"column":0},"end":{"line":121,"column":2}}},"fnMap":{"0":{"name":"rollupBundle","decl":{"start":{"line":25,"column":9},"end":{"line":25,"column":21}},"loc":{"start":{"line":25,"column":32},"end":{"line":61,"column":1}},"line":25},"1":{"name":"(anonymous_1)","decl":{"start":{"line":35,"column":8},"end":{"line":35,"column":9}},"loc":{"start":{"line":35,"column":34},"end":{"line":50,"column":9}},"line":35},"2":{"name":"(anonymous_2)","decl":{"start":{"line":40,"column":19},"end":{"line":40,"column":20}},"loc":{"start":{"line":40,"column":26},"end":{"line":48,"column":13}},"line":40},"3":{"name":"(anonymous_3)","decl":{"start":{"line":41,"column":37},"end":{"line":41,"column":38}},"loc":{"start":{"line":41,"column":42},"end":{"line":41,"column":47}},"line":41},"4":{"name":"createBundle","decl":{"start":{"line":70,"column":9},"end":{"line":70,"column":21}},"loc":{"start":{"line":70,"column":46},"end":{"line":89,"column":1}},"line":70},"5":{"name":"(anonymous_5)","decl":{"start":{"line":73,"column":10},"end":{"line":73,"column":11}},"loc":{"start":{"line":73,"column":28},"end":{"line":88,"column":3}},"line":73}},"branchMap":{"0":{"loc":{"start":{"line":37,"column":10},"end":{"line":49,"column":11}},"type":"if","locations":[{"start":{"line":37,"column":10},"end":{"line":49,"column":11}},{"start":{"line":37,"column":10},"end":{"line":49,"column":11}}],"line":37},"1":{"loc":{"start":{"line":75,"column":4},"end":{"line":75,"column":39}},"type":"if","locations":[{"start":{"line":75,"column":4},"end":{"line":75,"column":39}},{"start":{"line":75,"column":4},"end":{"line":75,"column":39}}],"line":75},"2":{"loc":{"start":{"line":77,"column":4},"end":{"line":87,"column":5}},"type":"if","locations":[{"start":{"line":77,"column":4},"end":{"line":87,"column":5}},{"start":{"line":77,"column":4},"end":{"line":87,"column":5}}],"line":77}},"s":{"0":0,"1":0,"2":0,"3":0,"4":0,"5":0,"6":0,"7":0,"8":0,"9":0,"10":0,"11":0,"12":0,"13":0,"14":0,"15":0,"16":0,"17":0,"18":0,"19":0,"20":0,"21":0,"22":0,"23":0,"24":0,"25":0,"26":0,"27":0,"28":0,"29":0,"30":0,"31":0,"32":0},"f":{"0":0,"1":0,"2":0,"3":0,"4":0,"5":0},"b":{"0":[0,0],"1":[0,0],"2":[0,0]},"hash":"1deab5a06e96cd593fe2ad42f0cc37bf9e6b16f4"}}
,"/Users/puhuan/www/vue-core-video-player/build/webpack.config.base.js": {"data":{"path":"/Users/puhuan/www/vue-core-video-player/build/webpack.config.base.js","statementMap":{"0":{"start":{"line":1,"column":16},"end":{"line":1,"column":34}},"1":{"start":{"line":2,"column":26},"end":{"line":2,"column":64}},"2":{"start":{"line":3,"column":20},"end":{"line":3,"column":35}},"3":{"start":{"line":10,"column":4},"end":{"line":10,"column":22}},"4":{"start":{"line":12,"column":16},"end":{"line":23,"column":1}},"5":{"start":{"line":25,"column":0},"end":{"line":59,"column":1}}},"fnMap":{},"branchMap":{},"s":{"0":0,"1":0,"2":0,"3":0,"4":0,"5":0},"f":{},"b":{},"hash":"8d6bd62ecff5a271d0843f5b64d16f81cd0bf6d4"}}
,"/Users/puhuan/www/vue-core-video-player/build/webpack.config.dev.js": {"data":{"path":"/Users/puhuan/www/vue-core-video-player/build/webpack.config.dev.js","statementMap":{"0":{"start":{"line":1,"column":16},"end":{"line":1,"column":34}},"1":{"start":{"line":2,"column":14},"end":{"line":2,"column":38}},"2":{"start":{"line":3,"column":26},"end":{"line":3,"column":56}},"3":{"start":{"line":4,"column":27},"end":{"line":4,"column":67}},"4":{"start":{"line":5,"column":29},"end":{"line":5,"column":84}},"5":{"start":{"line":6,"column":24},"end":{"line":6,"column":59}},"6":{"start":{"line":7,"column":13},"end":{"line":7,"column":45}},"7":{"start":{"line":8,"column":26},"end":{"line":8,"column":41}},"8":{"start":{"line":9,"column":23},"end":{"line":9,"column":36}},"9":{"start":{"line":15,"column":4},"end":{"line":15,"column":22}},"10":{"start":{"line":17,"column":16},"end":{"line":17,"column":45}},"11":{"start":{"line":18,"column":18},"end":{"line":18,"column":42}},"12":{"start":{"line":20,"column":0},"end":{"line":23,"column":1}},"13":{"start":{"line":21,"column":2},"end":{"line":21,"column":99}},"14":{"start":{"line":22,"column":2},"end":{"line":22,"column":17}},"15":{"start":{"line":25,"column":20},"end":{"line":27,"column":1}},"16":{"start":{"line":29,"column":0},"end":{"line":97,"column":2}},"17":{"start":{"line":66,"column":8},"end":{"line":70,"column":9}}},"fnMap":{"0":{"name":"(anonymous_0)","decl":{"start":{"line":65,"column":6},"end":{"line":65,"column":7}},"loc":{"start":{"line":65,"column":32},"end":{"line":71,"column":7}},"line":65}},"branchMap":{"0":{"loc":{"start":{"line":20,"column":0},"end":{"line":23,"column":1}},"type":"if","locations":[{"start":{"line":20,"column":0},"end":{"line":23,"column":1}},{"start":{"line":20,"column":0},"end":{"line":23,"column":1}}],"line":20},"1":{"loc":{"start":{"line":67,"column":10},"end":{"line":69,"column":78}},"type":"binary-expr","locations":[{"start":{"line":67,"column":10},"end":{"line":67,"column":25}},{"start":{"line":68,"column":12},"end":{"line":68,"column":41}},{"start":{"line":69,"column":12},"end":{"line":69,"column":78}}],"line":67}},"s":{"0":0,"1":0,"2":0,"3":0,"4":0,"5":0,"6":0,"7":0,"8":0,"9":0,"10":0,"11":0,"12":0,"13":0,"14":0,"15":0,"16":0,"17":0},"f":{"0":0},"b":{"0":[0,0],"1":[0,0,0]},"hash":"7e348f4065cc92dbc0ee526b265737be34bc8169"}}
,"/Users/puhuan/www/vue-core-video-player/build/webpack.config.dll.js": {"data":{"path":"/Users/puhuan/www/vue-core-video-player/build/webpack.config.dll.js","statementMap":{"0":{"start":{"line":1,"column":26},"end":{"line":1,"column":41}},"1":{"start":{"line":2,"column":16},"end":{"line":2,"column":34}},"2":{"start":{"line":3,"column":12},"end":{"line":3,"column":38}},"3":{"start":{"line":5,"column":16},"end":{"line":5,"column":45}},"4":{"start":{"line":6,"column":18},"end":{"line":6,"column":42}},"5":{"start":{"line":8,"column":14},"end":{"line":8,"column":16}},"6":{"start":{"line":9,"column":0},"end":{"line":9,"column":49}},"7":{"start":{"line":11,"column":0},"end":{"line":28,"column":1}}},"fnMap":{},"branchMap":{},"s":{"0":0,"1":0,"2":0,"3":0,"4":0,"5":0,"6":0,"7":0},"f":{},"b":{},"hash":"5ec6dec1c47aa9dcab98a73e5c5af24fe8dbafbc"}}
,"/Users/puhuan/www/vue-core-video-player/build/utils/index.js": {"data":{"path":"/Users/puhuan/www/vue-core-video-player/build/utils/index.js","statementMap":{"0":{"start":{"line":1,"column":26},"end":{"line":1,"column":64}},"1":{"start":{"line":2,"column":17},"end":{"line":2,"column":32}},"2":{"start":{"line":7,"column":4},"end":{"line":7,"column":20}},"3":{"start":{"line":11,"column":4},"end":{"line":11,"column":22}},"4":{"start":{"line":13,"column":23},"end":{"line":13,"column":48}},"5":{"start":{"line":15,"column":0},"end":{"line":15,"column":34}},"6":{"start":{"line":22,"column":4},"end":{"line":22,"column":33}},"7":{"start":{"line":24,"column":19},"end":{"line":24,"column":47}},"8":{"start":{"line":25,"column":15},"end":{"line":25,"column":66}},"9":{"start":{"line":27,"column":0},"end":{"line":27,"column":27}},"10":{"start":{"line":28,"column":0},"end":{"line":28,"column":25}},"11":{"start":{"line":29,"column":0},"end":{"line":29,"column":32}},"12":{"start":{"line":30,"column":0},"end":{"line":30,"column":41}},"13":{"start":{"line":31,"column":0},"end":{"line":31,"column":19}},"14":{"start":{"line":32,"column":0},"end":{"line":32,"column":32}},"15":{"start":{"line":33,"column":0},"end":{"line":38,"column":1}},"16":{"start":{"line":41,"column":0},"end":{"line":41,"column":17}},"17":{"start":{"line":42,"column":0},"end":{"line":42,"column":27}},"18":{"start":{"line":46,"column":20},"end":{"line":50,"column":1}},"19":{"start":{"line":53,"column":19},"end":{"line":53,"column":74}},"20":{"start":{"line":54,"column":0},"end":{"line":63,"column":3}},"21":{"start":{"line":66,"column":0},"end":{"line":66,"column":35}}},"fnMap":{},"branchMap":{"0":{"loc":{"start":{"line":25,"column":15},"end":{"line":25,"column":66}},"type":"cond-expr","locations":[{"start":{"line":25,"column":55},"end":{"line":25,"column":61}},{"start":{"line":25,"column":64},"end":{"line":25,"column":66}}],"line":25},"1":{"loc":{"start":{"line":53,"column":19},"end":{"line":53,"column":74}},"type":"cond-expr","locations":[{"start":{"line":53,"column":55},"end":{"line":53,"column":69}},{"start":{"line":53,"column":72},"end":{"line":53,"column":74}}],"line":53},"2":{"loc":{"start":{"line":55,"column":2},"end":{"line":63,"column":3}},"type":"cond-expr","locations":[{"start":{"line":55,"column":37},"end":{"line":58,"column":3}},{"start":{"line":58,"column":6},"end":{"line":63,"column":3}}],"line":55}},"s":{"0":0,"1":0,"2":0,"3":0,"4":0,"5":0,"6":0,"7":0,"8":0,"9":0,"10":0,"11":0,"12":0,"13":0,"14":0,"15":0,"16":0,"17":0,"18":0,"19":0,"20":0,"21":0},"f":{},"b":{"0":[0,0],"1":[0,0],"2":[0,0]},"hash":"af200bda46556a584db3ca649609068289da47de"}}
,"/Users/puhuan/www/vue-core-video-player/build/utils/log.js": {"data":{"path":"/Users/puhuan/www/vue-core-video-player/build/utils/log.js","statementMap":{"0":{"start":{"line":2,"column":2},"end":{"line":2,"column":16}},"1":{"start":{"line":6,"column":2},"end":{"line":6,"column":48}},"2":{"start":{"line":10,"column":2},"end":{"line":10,"column":48}},"3":{"start":{"line":14,"column":2},"end":{"line":14,"column":48}},"4":{"start":{"line":18,"column":2},"end":{"line":18,"column":48}},"5":{"start":{"line":21,"column":0},"end":{"line":27,"column":1}}},"fnMap":{"0":{"name":"logError","decl":{"start":{"line":1,"column":9},"end":{"line":1,"column":17}},"loc":{"start":{"line":1,"column":22},"end":{"line":3,"column":1}},"line":1},"1":{"name":"blue","decl":{"start":{"line":5,"column":9},"end":{"line":5,"column":13}},"loc":{"start":{"line":5,"column":20},"end":{"line":7,"column":1}},"line":5},"2":{"name":"green","decl":{"start":{"line":9,"column":9},"end":{"line":9,"column":14}},"loc":{"start":{"line":9,"column":21},"end":{"line":11,"column":1}},"line":9},"3":{"name":"red","decl":{"start":{"line":13,"column":9},"end":{"line":13,"column":12}},"loc":{"start":{"line":13,"column":19},"end":{"line":15,"column":1}},"line":13},"4":{"name":"yellow","decl":{"start":{"line":17,"column":9},"end":{"line":17,"column":15}},"loc":{"start":{"line":17,"column":22},"end":{"line":19,"column":1}},"line":17}},"branchMap":{},"s":{"0":0,"1":0,"2":0,"3":0,"4":0,"5":0},"f":{"0":0,"1":0,"2":0,"3":0,"4":0},"b":{},"hash":"1c736eef316ea53d02ccaaa306b9c13b45e91400"}}
,"/Users/puhuan/www/vue-core-video-player/build/utils/style.js": {"data":{"path":"/Users/puhuan/www/vue-core-video-player/build/utils/style.js","statementMap":{"0":{"start":{"line":1,"column":13},"end":{"line":1,"column":28}},"1":{"start":{"line":2,"column":16},"end":{"line":2,"column":34}},"2":{"start":{"line":3,"column":16},"end":{"line":3,"column":42}},"3":{"start":{"line":4,"column":17},"end":{"line":4,"column":37}},"4":{"start":{"line":5,"column":21},"end":{"line":5,"column":40}},"5":{"start":{"line":6,"column":14},"end":{"line":6,"column":35}},"6":{"start":{"line":9,"column":24},"end":{"line":9,"column":55}},"7":{"start":{"line":10,"column":2},"end":{"line":18,"column":6}},"8":{"start":{"line":13,"column":6},"end":{"line":17,"column":7}},"9":{"start":{"line":23,"column":2},"end":{"line":27,"column":3}},"10":{"start":{"line":24,"column":4},"end":{"line":24,"column":40}},"11":{"start":{"line":26,"column":4},"end":{"line":26,"column":15}},"12":{"start":{"line":28,"column":24},"end":{"line":28,"column":55}},"13":{"start":{"line":29,"column":2},"end":{"line":41,"column":4}},"14":{"start":{"line":30,"column":4},"end":{"line":40,"column":6}},"15":{"start":{"line":31,"column":6},"end":{"line":31,"column":33}},"16":{"start":{"line":31,"column":15},"end":{"line":31,"column":33}},"17":{"start":{"line":32,"column":6},"end":{"line":39,"column":8}},"18":{"start":{"line":45,"column":2},"end":{"line":51,"column":3}},"19":{"start":{"line":46,"column":4},"end":{"line":46,"column":28}},"20":{"start":{"line":47,"column":9},"end":{"line":51,"column":3}},"21":{"start":{"line":48,"column":4},"end":{"line":48,"column":31}},"22":{"start":{"line":50,"column":4},"end":{"line":50,"column":61}},"23":{"start":{"line":55,"column":2},"end":{"line":55,"column":44}},"24":{"start":{"line":56,"column":2},"end":{"line":58,"column":3}},"25":{"start":{"line":57,"column":4},"end":{"line":57,"column":74}},"26":{"start":{"line":59,"column":2},"end":{"line":59,"column":63}},"27":{"start":{"line":59,"column":17},"end":{"line":59,"column":63}},"28":{"start":{"line":60,"column":2},"end":{"line":60,"column":78}},"29":{"start":{"line":63,"column":0},"end":{"line":66,"column":1}}},"fnMap":{"0":{"name":"processCss","decl":{"start":{"line":8,"column":9},"end":{"line":8,"column":19}},"loc":{"start":{"line":8,"column":28},"end":{"line":19,"column":1}},"line":8},"1":{"name":"(anonymous_1)","decl":{"start":{"line":12,"column":10},"end":{"line":12,"column":11}},"loc":{"start":{"line":12,"column":20},"end":{"line":18,"column":5}},"line":12},"2":{"name":"processStylus","decl":{"start":{"line":22,"column":9},"end":{"line":22,"column":22}},"loc":{"start":{"line":22,"column":31},"end":{"line":42,"column":1}},"line":22},"3":{"name":"(anonymous_3)","decl":{"start":{"line":29,"column":21},"end":{"line":29,"column":22}},"loc":{"start":{"line":29,"column":42},"end":{"line":41,"column":3}},"line":29},"4":{"name":"(anonymous_4)","decl":{"start":{"line":30,"column":30},"end":{"line":30,"column":31}},"loc":{"start":{"line":30,"column":50},"end":{"line":40,"column":5}},"line":30},"5":{"name":"processStyle","decl":{"start":{"line":44,"column":9},"end":{"line":44,"column":21}},"loc":{"start":{"line":44,"column":30},"end":{"line":52,"column":1}},"line":44},"6":{"name":"writeCss","decl":{"start":{"line":54,"column":9},"end":{"line":54,"column":17}},"loc":{"start":{"line":54,"column":26},"end":{"line":61,"column":1}},"line":54}},"branchMap":{"0":{"loc":{"start":{"line":24,"column":13},"end":{"line":24,"column":40}},"type":"binary-expr","locations":[{"start":{"line":24,"column":13},"end":{"line":24,"column":19}},{"start":{"line":24,"column":23},"end":{"line":24,"column":40}}],"line":24},"1":{"loc":{"start":{"line":31,"column":6},"end":{"line":31,"column":33}},"type":"if","locations":[{"start":{"line":31,"column":6},"end":{"line":31,"column":33}},{"start":{"line":31,"column":6},"end":{"line":31,"column":33}}],"line":31},"2":{"loc":{"start":{"line":45,"column":2},"end":{"line":51,"column":3}},"type":"if","locations":[{"start":{"line":45,"column":2},"end":{"line":51,"column":3}},{"start":{"line":45,"column":2},"end":{"line":51,"column":3}}],"line":45},"3":{"loc":{"start":{"line":47,"column":9},"end":{"line":51,"column":3}},"type":"if","locations":[{"start":{"line":47,"column":9},"end":{"line":51,"column":3}},{"start":{"line":47,"column":9},"end":{"line":51,"column":3}}],"line":47},"4":{"loc":{"start":{"line":56,"column":2},"end":{"line":58,"column":3}},"type":"if","locations":[{"start":{"line":56,"column":2},"end":{"line":58,"column":3}},{"start":{"line":56,"column":2},"end":{"line":58,"column":3}}],"line":56},"5":{"loc":{"start":{"line":59,"column":2},"end":{"line":59,"column":63}},"type":"if","locations":[{"start":{"line":59,"column":2},"end":{"line":59,"column":63}},{"start":{"line":59,"column":2},"end":{"line":59,"column":63}}],"line":59}},"s":{"0":0,"1":0,"2":0,"3":0,"4":0,"5":0,"6":0,"7":0,"8":0,"9":0,"10":0,"11":0,"12":0,"13":0,"14":0,"15":0,"16":0,"17":0,"18":0,"19":0,"20":0,"21":0,"22":0,"23":0,"24":0,"25":0,"26":0,"27":0,"28":0,"29":0},"f":{"0":0,"1":0,"2":0,"3":0,"4":0,"5":0,"6":0},"b":{"0":[0,0],"1":[0,0],"2":[0,0],"3":[0,0],"4":[0,0],"5":[0,0]},"hash":"e4b66f24e6d703d0ffc4e6966aebc0e63b24df9e"}}
,"/Users/puhuan/www/vue-core-video-player/build/utils/write.js": {"data":{"path":"/Users/puhuan/www/vue-core-video-player/build/utils/write.js","statementMap":{"0":{"start":{"line":1,"column":11},"end":{"line":1,"column":24}},"1":{"start":{"line":3,"column":17},"end":{"line":3,"column":36}},"2":{"start":{"line":6,"column":2},"end":{"line":12,"column":4}},"3":{"start":{"line":7,"column":4},"end":{"line":11,"column":6}},"4":{"start":{"line":8,"column":6},"end":{"line":8,"column":33}},"5":{"start":{"line":8,"column":15},"end":{"line":8,"column":33}},"6":{"start":{"line":9,"column":6},"end":{"line":9,"column":51}},"7":{"start":{"line":10,"column":6},"end":{"line":10,"column":19}},"8":{"start":{"line":16,"column":2},"end":{"line":16,"column":47}},"9":{"start":{"line":19,"column":0},"end":{"line":19,"column":22}}},"fnMap":{"0":{"name":"write","decl":{"start":{"line":5,"column":9},"end":{"line":5,"column":14}},"loc":{"start":{"line":5,"column":28},"end":{"line":13,"column":1}},"line":5},"1":{"name":"(anonymous_1)","decl":{"start":{"line":6,"column":21},"end":{"line":6,"column":22}},"loc":{"start":{"line":6,"column":48},"end":{"line":12,"column":3}},"line":6},"2":{"name":"(anonymous_2)","decl":{"start":{"line":7,"column":29},"end":{"line":7,"column":30}},"loc":{"start":{"line":7,"column":44},"end":{"line":11,"column":5}},"line":7},"3":{"name":"getSize","decl":{"start":{"line":15,"column":9},"end":{"line":15,"column":16}},"loc":{"start":{"line":15,"column":24},"end":{"line":17,"column":1}},"line":15}},"branchMap":{"0":{"loc":{"start":{"line":8,"column":6},"end":{"line":8,"column":33}},"type":"if","locations":[{"start":{"line":8,"column":6},"end":{"line":8,"column":33}},{"start":{"line":8,"column":6},"end":{"line":8,"column":33}}],"line":8}},"s":{"0":0,"1":0,"2":0,"3":0,"4":0,"5":0,"6":0,"7":0,"8":0,"9":0},"f":{"0":0,"1":0,"2":0,"3":0},"b":{"0":[0,0]},"hash":"485e7a285a6b9ce4bb832f10725fdbde8e4ccf79"}}
,"/Users/puhuan/www/vue-core-video-player/src/Hello.vue": {"path":"/Users/puhuan/www/vue-core-video-player/src/Hello.vue","statementMap":{"0":{"start":{"line":15,"column":0},"end":{"line":15,"column":null}}},"fnMap":{"0":{"name":"data","decl":{"start":{"line":14,"column":0},"end":{"line":14,"column":null}},"loc":{"start":{"line":14,"column":0},"end":{"line":19,"column":null}}}},"branchMap":{},"s":{"0":0},"f":{"0":0},"b":{}}
,"/Users/puhuan/www/vue-core-video-player/src/index.js": {"data":{"path":"/Users/puhuan/www/vue-core-video-player/src/index.js","statementMap":{"0":{"start":{"line":5,"column":2},"end":{"line":5,"column":32}},"1":{"start":{"line":6,"column":2},"end":{"line":6,"column":39}},"2":{"start":{"line":10,"column":0},"end":{"line":12,"column":1}},"3":{"start":{"line":11,"column":2},"end":{"line":11,"column":25}},"4":{"start":{"line":15,"column":16},"end":{"line":15,"column":29}}},"fnMap":{"0":{"name":"plugin","decl":{"start":{"line":4,"column":9},"end":{"line":4,"column":15}},"loc":{"start":{"line":4,"column":21},"end":{"line":7,"column":1}},"line":4}},"branchMap":{"0":{"loc":{"start":{"line":10,"column":0},"end":{"line":12,"column":1}},"type":"if","locations":[{"start":{"line":10,"column":0},"end":{"line":12,"column":1}},{"start":{"line":10,"column":0},"end":{"line":12,"column":1}}],"line":10},"1":{"loc":{"start":{"line":10,"column":4},"end":{"line":10,"column":47}},"type":"binary-expr","locations":[{"start":{"line":10,"column":4},"end":{"line":10,"column":33}},{"start":{"line":10,"column":37},"end":{"line":10,"column":47}}],"line":10}},"s":{"0":0,"1":0,"2":0,"3":0,"4":0},"f":{"0":0},"b":{"0":[0,0],"1":[0,0]},"hash":"b75053d386bd917d57f876b0fafaa49ab8d57ec9"}}
}
