TN:
SF:/Users/puhuan/www/vue-core-video-player/build/build.js
FN:25,rollupBundle
FN:35,(anonymous_1)
FN:40,(anonymous_2)
FN:41,(anonymous_3)
FN:70,createBundle
FN:73,(anonymous_5)
FNF:6
FNH:0
FNDA:0,rollupBundle
FNDA:0,(anonymous_1)
FNDA:0,(anonymous_2)
FNDA:0,(anonymous_3)
FNDA:0,createBundle
FNDA:0,(anonymous_5)
DA:1,0
DA:2,0
DA:3,0
DA:4,0
DA:5,0
DA:6,0
DA:7,0
DA:8,0
DA:9,0
DA:10,0
DA:13,0
DA:23,0
DA:26,0
DA:37,0
DA:38,0
DA:41,0
DA:46,0
DA:47,0
DA:63,0
DA:71,0
DA:74,0
DA:75,0
DA:76,0
DA:77,0
DA:78,0
DA:84,0
DA:86,0
DA:92,0
DA:101,0
DA:109,0
DA:116,0
LF:31
LH:0
BRDA:37,0,0,0
BRDA:37,0,1,0
BRDA:75,1,0,0
BRDA:75,1,1,0
BRDA:77,2,0,0
BRDA:77,2,1,0
BRF:6
BRH:0
end_of_record
TN:
SF:/Users/puhuan/www/vue-core-video-player/build/webpack.config.base.js
FNF:0
FNH:0
DA:1,0
DA:2,0
DA:3,0
DA:10,0
DA:12,0
DA:25,0
LF:6
LH:0
BRF:0
BRH:0
end_of_record
TN:
SF:/Users/puhuan/www/vue-core-video-player/build/webpack.config.dev.js
FN:65,(anonymous_0)
FNF:1
FNH:0
FNDA:0,(anonymous_0)
DA:1,0
DA:2,0
DA:3,0
DA:4,0
DA:5,0
DA:6,0
DA:7,0
DA:8,0
DA:9,0
DA:15,0
DA:17,0
DA:18,0
DA:20,0
DA:21,0
DA:22,0
DA:25,0
DA:29,0
DA:66,0
LF:18
LH:0
BRDA:20,0,0,0
BRDA:20,0,1,0
BRDA:67,1,0,0
BRDA:67,1,1,0
BRDA:67,1,2,0
BRF:5
BRH:0
end_of_record
TN:
SF:/Users/puhuan/www/vue-core-video-player/build/webpack.config.dll.js
FNF:0
FNH:0
DA:1,0
DA:2,0
DA:3,0
DA:5,0
DA:6,0
DA:8,0
DA:9,0
DA:11,0
LF:8
LH:0
BRF:0
BRH:0
end_of_record
TN:
SF:/Users/puhuan/www/vue-core-video-player/build/utils/index.js
FNF:0
FNH:0
DA:1,0
DA:2,0
DA:7,0
DA:11,0
DA:13,0
DA:15,0
DA:22,0
DA:24,0
DA:25,0
DA:27,0
DA:28,0
DA:29,0
DA:30,0
DA:31,0
DA:32,0
DA:33,0
DA:41,0
DA:42,0
DA:46,0
DA:53,0
DA:54,0
DA:66,0
LF:22
LH:0
BRDA:25,0,0,0
BRDA:25,0,1,0
BRDA:53,1,0,0
BRDA:53,1,1,0
BRDA:55,2,0,0
BRDA:55,2,1,0
BRF:6
BRH:0
end_of_record
TN:
SF:/Users/puhuan/www/vue-core-video-player/build/utils/log.js
FN:1,logError
FN:5,blue
FN:9,green
FN:13,red
FN:17,yellow
FNF:5
FNH:0
FNDA:0,logError
FNDA:0,blue
FNDA:0,green
FNDA:0,red
FNDA:0,yellow
DA:2,0
DA:6,0
DA:10,0
DA:14,0
DA:18,0
DA:21,0
LF:6
LH:0
BRF:0
BRH:0
end_of_record
TN:
SF:/Users/puhuan/www/vue-core-video-player/build/utils/style.js
FN:8,processCss
FN:12,(anonymous_1)
FN:22,processStylus
FN:29,(anonymous_3)
FN:30,(anonymous_4)
FN:44,processStyle
FN:54,writeCss
FNF:7
FNH:0
FNDA:0,processCss
FNDA:0,(anonymous_1)
FNDA:0,processStylus
FNDA:0,(anonymous_3)
FNDA:0,(anonymous_4)
FNDA:0,processStyle
FNDA:0,writeCss
DA:1,0
DA:2,0
DA:3,0
DA:4,0
DA:5,0
DA:6,0
DA:9,0
DA:10,0
DA:13,0
DA:23,0
DA:24,0
DA:26,0
DA:28,0
DA:29,0
DA:30,0
DA:31,0
DA:32,0
DA:45,0
DA:46,0
DA:47,0
DA:48,0
DA:50,0
DA:55,0
DA:56,0
DA:57,0
DA:59,0
DA:60,0
DA:63,0
LF:28
LH:0
BRDA:24,0,0,0
BRDA:24,0,1,0
BRDA:31,1,0,0
BRDA:31,1,1,0
BRDA:45,2,0,0
BRDA:45,2,1,0
BRDA:47,3,0,0
BRDA:47,3,1,0
BRDA:56,4,0,0
BRDA:56,4,1,0
BRDA:59,5,0,0
BRDA:59,5,1,0
BRF:12
BRH:0
end_of_record
TN:
SF:/Users/puhuan/www/vue-core-video-player/build/utils/write.js
FN:5,write
FN:6,(anonymous_1)
FN:7,(anonymous_2)
FN:15,getSize
FNF:4
FNH:0
FNDA:0,write
FNDA:0,(anonymous_1)
FNDA:0,(anonymous_2)
FNDA:0,getSize
DA:1,0
DA:3,0
DA:6,0
DA:7,0
DA:8,0
DA:9,0
DA:10,0
DA:16,0
DA:19,0
LF:9
LH:0
BRDA:8,0,0,0
BRDA:8,0,1,0
BRF:2
BRH:0
end_of_record
TN:
SF:/Users/puhuan/www/vue-core-video-player/src/Hello.vue
FN:14,data
FNF:1
FNH:0
FNDA:0,data
DA:15,0
LF:1
LH:0
BRF:0
BRH:0
end_of_record
TN:
SF:/Users/puhuan/www/vue-core-video-player/src/index.js
FN:4,plugin
FNF:1
FNH:0
FNDA:0,plugin
DA:5,0
DA:6,0
DA:10,0
DA:11,0
DA:15,0
LF:5
LH:0
BRDA:10,0,0,0
BRDA:10,0,1,0
BRDA:10,1,0,0
BRDA:10,1,1,0
BRF:4
BRH:0
end_of_record
